<?xml version="1.0" encoding="UTF-8"?>
<testsuite xmlns:xsi="http://www.w3.org/2001/XMLSchema-instance" xsi:noNamespaceSchemaLocation="https://maven.apache.org/surefire/maven-surefire-plugin/xsd/surefire-test-report-3.0.xsd" version="3.0" name="org.example.steps.RunTest" time="26.141" tests="3" errors="0" skipped="0" failures="2">
  <properties>
[...]
</properties>
  <testcase name="login in service" classname="log in test" time="12.563">
    <system-out><![CDATA[
Scenario: login in service                                                       &amp#27;[90m# src/test/java/org/example/features/ft#1.feature:3&amp#27;[0m
  &amp#27;[32mGiven &amp#27;[0m&amp#27;[32mopen kpfu.ru&amp#27;[0m                                                             &amp#27;[90m# org.example.steps.MyStepdefs.open_kpfu_ru()&amp#27;[0m
  &amp#27;[32mWhen &amp#27;[0m&amp#27;[32mpress element with xPath &amp#27;[0m&amp#27;[32m&amp#27;[1m"//*[@id=\"top-panel\"]/div[1]/div[1]/a"&amp#27;[0m         &amp#27;[90m# org.example.steps.MyStepdefs.pressElementByXPath(java.lang.String)&amp#27;[0m
  &amp#27;[32mAnd &amp#27;[0m&amp#27;[32mtype to input with name &amp#27;[0m&amp#27;[32m&amp#27;[1m"p_login"&amp#27;[0m&amp#27;[32m text: &amp#27;[0m&amp#27;[32m&amp#27;[1m"IgSKalugin"&amp#27;[0m                       &amp#27;[90m# org.example.steps.MyStepdefs.typeToInputWithNameText(java.lang.String,java.lang.String)&amp#27;[0m
  &amp#27;[32mAnd &amp#27;[0m&amp#27;[32mtype to input with name &amp#27;[0m&amp#27;[32m&amp#27;[1m"p_pass"&amp#27;[0m&amp#27;[32m text: &amp#27;[0m&amp#27;[32m&amp#27;[1m"71nngy0i"&amp#27;[0m                          &amp#27;[90m# org.example.steps.MyStepdefs.typeToInputWithNameText(java.lang.String,java.lang.String)&amp#27;[0m
  &amp#27;[32mAnd &amp#27;[0m&amp#27;[32mpress element with xPath &amp#27;[0m&amp#27;[32m&amp#27;[1m"//*[@id=\"eu_enter\"]/input[3]"&amp#27;[0m                  &amp#27;[90m# org.example.steps.MyStepdefs.pressElementByXPath(java.lang.String)&amp#27;[0m
  &amp#27;[32mThen &amp#27;[0m&amp#27;[32mwait until element with xPath &amp#27;[0m&amp#27;[32m&amp#27;[1m"//*[@id=\"eu_enter\"]/input[3]"&amp#27;[0m&amp#27;[32m disappears&amp#27;[0m &amp#27;[90m# org.example.steps.MyStepdefs.waitUntilElementWithNameDisappears(java.lang.String)&amp#27;[0m
]]></system-out>
    <system-err><![CDATA[log4j:WARN No appenders could be found for logger (com.codeborne.selenide.impl.CiReportUrl).
log4j:WARN Please initialize the log4j system properly.
log4j:WARN See http://logging.apache.org/log4j/1.2/faq.html#noconfig for more info.
Starting ChromeDriver 96.0.4664.45 (76e4c1bb2ab4671b8beba3444e61c0f17584b2fc-refs/branch-heads/4664@{#947}) on port 57706
Only local connections are allowed.
Please see https://chromedriver.chromium.org/security-considerations for suggestions on keeping ChromeDriver safe.
ChromeDriver was started successfully.
дек 09, 2021 9:14:13 PM org.openqa.selenium.remote.ProtocolHandshake createSession
INFO: Detected dialect: W3C
дек 09, 2021 9:14:13 PM org.openqa.selenium.devtools.CdpVersionFinder findNearestMatch
WARNING: Unable to find an exact match for CDP version 96, so returning the closest version found: 95
дек 09, 2021 9:14:13 PM org.openqa.selenium.devtools.CdpVersionFinder findNearestMatch
INFO: Found CDP implementation for version 96 of 95
]]></system-err>
  </testcase>
  <testcase name="transitions to various sections" classname="log in test" time="6.198">
    <failure message="Element not found {By.xpath: //*[@id=&quot;main-blocks&quot;]/div[1]/div[6]/a}&#10;Expected: exist&#10;Screenshot: file:/C:/Users/ded/IdeaProjects/Testing_projects/Testing3/target/surefire-reports/1639073663406.0.png&#10;Page source: file:/C:/Users/ded/IdeaProjects/Testing_projects/Testing3/target/surefire-reports/1639073663406.0.html&#10;Timeout: 4 s.&#10;Caused by: NoSuchElementException: no such element: Unable to locate element: {&quot;method&quot;:&quot;xpath&quot;,&quot;selector&quot;:&quot;//*[@id=&quot;main-blocks&quot;]/div[1]/div[6]/a&quot;}" type="com.codeborne.selenide.ex.ElementNotFound"><![CDATA[com.codeborne.selenide.ex.ElementNotFound: 
Element not found {By.xpath: //*[@id="main-blocks"]/div[1]/div[6]/a}
Expected: exist
Screenshot: file:/C:/Users/ded/IdeaProjects/Testing_projects/Testing3/target/surefire-reports/1639073663406.0.png
Page source: file:/C:/Users/ded/IdeaProjects/Testing_projects/Testing3/target/surefire-reports/1639073663406.0.html
Timeout: 4 s.
Caused by: NoSuchElementException: no such element: Unable to locate element: {"method":"xpath","selector":"//*[@id="main-blocks"]/div[1]/div[6]/a"}
Caused by: org.openqa.selenium.NoSuchElementException: 
no such element: Unable to locate element: {"method":"xpath","selector":"//*[@id="main-blocks"]/div[1]/div[6]/a"}
  (Session info: chrome=96.0.4664.93)
For documentation on this error, please visit: https://selenium.dev/exceptions/#no_such_element
Build info: version: '4.0.0', revision: '3a21814679'
System info: host: 'DESKTOP-59EMMQ3', ip: '192.168.18.1', os.name: 'Windows 10', os.arch: 'amd64', os.version: '10.0', java.version: '1.8.0_271'
Driver info: org.openqa.selenium.chrome.ChromeDriver
Command: [d516def7b514eb5cf0c7a87b3da1d6e2, findElement {using=xpath, value=//*[@id="main-blocks"]/div[1]/div[6]/a}]
Capabilities {acceptInsecureCerts: true, browserName: chrome, browserVersion: 96.0.4664.93, chrome: {chromedriverVersion: 96.0.4664.45 (76e4c1bb2ab46..., userDataDir: C:\Users\ded\AppData\Local\...}, goog:chromeOptions: {debuggerAddress: localhost:20554}, javascriptEnabled: true, networkConnectionEnabled: false, pageLoadStrategy: normal, platform: WINDOWS, platformName: WINDOWS, proxy: Proxy(), se:cdp: ws://localhost:20554/devtoo..., se:cdpVersion: 96.0.4664.93, setWindowRect: true, strictFileInteractability: false, timeouts: {implicit: 0, pageLoad: 300000, script: 30000}, unhandledPromptBehavior: dismiss and notify, webauthn:extension:credBlob: true, webauthn:extension:largeBlob: true, webauthn:virtualAuthenticators: true}
Session ID: d516def7b514eb5cf0c7a87b3da1d6e2
]]></failure>
    <system-out><![CDATA[
Scenario: transitions to various sections                                                                                 &amp#27;[90m# src/test/java/org/example/features/ft#1.feature:11&amp#27;[0m
  &amp#27;[32mGiven &amp#27;[0m&amp#27;[32mopen kpfu.ru&amp#27;[0m                                                                                                      &amp#27;[90m# org.example.steps.MyStepdefs.open_kpfu_ru()&amp#27;[0m
  &amp#27;[32mWhen &amp#27;[0m&amp#27;[32mpress element with xPath &amp#27;[0m&amp#27;[32m&amp#27;[1m"//*[@id=\"top-panel\"]/div[1]/div[1]/a"&amp#27;[0m                                                  &amp#27;[90m# org.example.steps.MyStepdefs.pressElementByXPath(java.lang.String)&amp#27;[0m
  &amp#27;[32mAnd &amp#27;[0m&amp#27;[32mtype to input with name &amp#27;[0m&amp#27;[32m&amp#27;[1m"p_login"&amp#27;[0m&amp#27;[32m text: &amp#27;[0m&amp#27;[32m&amp#27;[1m"IgSKalugin"&amp#27;[0m                                                                &amp#27;[90m# org.example.steps.MyStepdefs.typeToInputWithNameText(java.lang.String,java.lang.String)&amp#27;[0m
  &amp#27;[32mAnd &amp#27;[0m&amp#27;[32mtype to input with name &amp#27;[0m&amp#27;[32m&amp#27;[1m"p_pass"&amp#27;[0m&amp#27;[32m text: &amp#27;[0m&amp#27;[32m&amp#27;[1m"71nngy0i"&amp#27;[0m                                                                   &amp#27;[90m# org.example.steps.MyStepdefs.typeToInputWithNameText(java.lang.String,java.lang.String)&amp#27;[0m
  &amp#27;[32mAnd &amp#27;[0m&amp#27;[32mpress element with xPath &amp#27;[0m&amp#27;[32m&amp#27;[1m"//*[@id=\"eu_enter\"]/input[3]"&amp#27;[0m                                                           &amp#27;[90m# org.example.steps.MyStepdefs.pressElementByXPath(java.lang.String)&amp#27;[0m
  &amp#27;[31mAnd &amp#27;[0m&amp#27;[31mpress element with xPath &amp#27;[0m&amp#27;[31m&amp#27;[1m"//*[@id=\"main-blocks\"]/div[1]/div[6]/a"&amp#27;[0m                                                 &amp#27;[90m# org.example.steps.MyStepdefs.pressElementByXPath(java.lang.String)&amp#27;[0m
      &amp#27;[31mElement not found {By.xpath: //*[@id="main-blocks"]/div[1]/div[6]/a}
Expected: exist
Screenshot: file:/C:/Users/ded/IdeaProjects/Testing_projects/Testing3/target/surefire-reports/1639073663406.0.png
Page source: file:/C:/Users/ded/IdeaProjects/Testing_projects/Testing3/target/surefire-reports/1639073663406.0.html
Timeout: 4 s.
Caused by: NoSuchElementException: no such element: Unable to locate element: {"method":"xpath","selector":"//*[@id="main-blocks"]/div[1]/div[6]/a"}
	at com.codeborne.selenide.impl.WebElementSource.createElementNotFoundError(WebElementSource.java:83)
	at com.codeborne.selenide.impl.ElementFinder.createElementNotFoundError(ElementFinder.java:122)
	at com.codeborne.selenide.impl.WebElementSource.checkCondition(WebElementSource.java:114)
	at com.codeborne.selenide.commands.Should.execute(Should.java:30)
	at com.codeborne.selenide.commands.Should.execute(Should.java:14)
	at com.codeborne.selenide.commands.Commands.execute(Commands.java:157)
	at com.codeborne.selenide.impl.SelenideElementProxy.dispatchAndRetry(SelenideElementProxy.java:134)
	at com.codeborne.selenide.impl.SelenideElementProxy.invoke(SelenideElementProxy.java:86)
	at com.sun.proxy.$Proxy18.should(Unknown Source)
	at org.example.steps.MyStepdefs.pressElementByXPath(MyStepdefs.java:28)
	at вњЅ.press element with xPath "//*[@id=\"main-blocks\"]/div[1]/div[6]/a"(file:///C:/Users/ded/IdeaProjects/Testing_projects/Testing3/src/test/java/org/example/features/ft%231.feature:17)
Caused by: org.openqa.selenium.NoSuchElementException: no such element: Unable to locate element: {"method":"xpath","selector":"//*[@id="main-blocks"]/div[1]/div[6]/a"}
  (Session info: chrome=96.0.4664.93)
For documentation on this error, please visit: https://selenium.dev/exceptions/#no_such_element
Build info: version: '4.0.0', revision: '3a21814679'
System info: host: 'DESKTOP-59EMMQ3', ip: '192.168.18.1', os.name: 'Windows 10', os.arch: 'amd64', os.version: '10.0', java.version: '1.8.0_271'
Driver info: org.openqa.selenium.chrome.ChromeDriver
Command: [d516def7b514eb5cf0c7a87b3da1d6e2, findElement {using=xpath, value=//*[@id="main-blocks"]/div[1]/div[6]/a}]
Capabilities {acceptInsecureCerts: true, browserName: chrome, browserVersion: 96.0.4664.93, chrome: {chromedriverVersion: 96.0.4664.45 (76e4c1bb2ab46..., userDataDir: C:\Users\ded\AppData\Local\...}, goog:chromeOptions: {debuggerAddress: localhost:20554}, javascriptEnabled: true, networkConnectionEnabled: false, pageLoadStrategy: normal, platform: WINDOWS, platformName: WINDOWS, proxy: Proxy(), se:cdp: ws://localhost:20554/devtoo..., se:cdpVersion: 96.0.4664.93, setWindowRect: true, strictFileInteractability: false, timeouts: {implicit: 0, pageLoad: 300000, script: 30000}, unhandledPromptBehavior: dismiss and notify, webauthn:extension:credBlob: true, webauthn:extension:largeBlob: true, webauthn:virtualAuthenticators: true}
Session ID: d516def7b514eb5cf0c7a87b3da1d6e2
	at sun.reflect.GeneratedConstructorAccessor13.newInstance(Unknown Source)
	at sun.reflect.DelegatingConstructorAccessorImpl.newInstance(DelegatingConstructorAccessorImpl.java:45)
	at java.lang.reflect.Constructor.newInstance(Constructor.java:423)
	at org.openqa.selenium.remote.codec.w3c.W3CHttpResponseCodec.createException(W3CHttpResponseCodec.java:200)
	at org.openqa.selenium.remote.codec.w3c.W3CHttpResponseCodec.decode(W3CHttpResponseCodec.java:133)
	at org.openqa.selenium.remote.codec.w3c.W3CHttpResponseCodec.decode(W3CHttpResponseCodec.java:53)
	at org.openqa.selenium.remote.HttpCommandExecutor.execute(HttpCommandExecutor.java:184)
	at org.openqa.selenium.remote.service.DriverCommandExecutor.invokeExecute(DriverCommandExecutor.java:164)
	at org.openqa.selenium.remote.service.DriverCommandExecutor.execute(DriverCommandExecutor.java:139)
	at org.openqa.selenium.remote.RemoteWebDriver.execute(RemoteWebDriver.java:559)
	at org.openqa.selenium.remote.ElementLocation$ElementFinder$2.findElement(ElementLocation.java:162)
	at org.openqa.selenium.remote.ElementLocation.findElement(ElementLocation.java:60)
	at org.openqa.selenium.remote.RemoteWebDriver.findElement(RemoteWebDriver.java:383)
	at org.openqa.selenium.remote.RemoteWebDriver.findElement(RemoteWebDriver.java:375)
	at com.codeborne.selenide.impl.WebElementSelector.findElement(WebElementSelector.java:70)
	at com.codeborne.selenide.impl.WebElementSelector.findElement(WebElementSelector.java:44)
	at com.codeborne.selenide.impl.WebElementSelector.findElement(WebElementSelector.java:33)
	at com.codeborne.selenide.impl.ElementFinder.getWebElement(ElementFinder.java:102)
	at com.codeborne.selenide.impl.WebElementSource.checkCondition(WebElementSource.java:99)
	at com.codeborne.selenide.commands.Should.execute(Should.java:30)
	at com.codeborne.selenide.commands.Should.execute(Should.java:14)
	at com.codeborne.selenide.commands.Commands.execute(Commands.java:157)
	at com.codeborne.selenide.impl.SelenideElementProxy.dispatchAndRetry(SelenideElementProxy.java:134)
	at com.codeborne.selenide.impl.SelenideElementProxy.invoke(SelenideElementProxy.java:86)
	at com.sun.proxy.$Proxy18.should(Unknown Source)
	at org.example.steps.MyStepdefs.pressElementByXPath(MyStepdefs.java:28)
	at sun.reflect.NativeMethodAccessorImpl.invoke0(Native Method)
	at sun.reflect.NativeMethodAccessorImpl.invoke(NativeMethodAccessorImpl.java:62)
	at sun.reflect.DelegatingMethodAccessorImpl.invoke(DelegatingMethodAccessorImpl.java:43)
	at java.lang.reflect.Method.invoke(Method.java:498)
	at io.cucumber.java.Invoker.doInvoke(Invoker.java:66)
	at io.cucumber.java.Invoker.invoke(Invoker.java:24)
	at io.cucumber.java.AbstractGlueDefinition.invokeMethod(AbstractGlueDefinition.java:47)
	at io.cucumber.java.JavaStepDefinition.execute(JavaStepDefinition.java:29)
	at io.cucumber.core.runner.CoreStepDefinition.execute(CoreStepDefinition.java:66)
	at io.cucumber.core.runner.PickleStepDefinitionMatch.runStep(PickleStepDefinitionMatch.java:63)
	at io.cucumber.core.runner.ExecutionMode$1.execute(ExecutionMode.java:10)
	at io.cucumber.core.runner.TestStep.executeStep(TestStep.java:86)
	at io.cucumber.core.runner.TestStep.run(TestStep.java:57)
	at io.cucumber.core.runner.PickleStepTestStep.run(PickleStepTestStep.java:51)
	at io.cucumber.core.runner.TestCase.run(TestCase.java:95)
	at io.cucumber.core.runner.Runner.runPickle(Runner.java:75)
	at io.cucumber.junit.PickleRunners$NoStepDescriptions.lambda$run$0(PickleRunners.java:151)
	at io.cucumber.core.runtime.CucumberExecutionContext.lambda$runTestCase$3(CucumberExecutionContext.java:110)
	at io.cucumber.core.runtime.RethrowingThrowableCollector.executeAndThrow(RethrowingThrowableCollector.java:23)
	at io.cucumber.core.runtime.CucumberExecutionContext.runTestCase(CucumberExecutionContext.java:110)
	at io.cucumber.junit.PickleRunners$NoStepDescriptions.run(PickleRunners.java:148)
	at io.cucumber.junit.FeatureRunner.runChild(FeatureRunner.java:144)
	at io.cucumber.junit.FeatureRunner.runChild(FeatureRunner.java:28)
	at org.junit.runners.ParentRunner$4.run(ParentRunner.java:331)
	at org.junit.runners.ParentRunner$1.schedule(ParentRunner.java:79)
	at org.junit.runners.ParentRunner.runChildren(ParentRunner.java:329)
	at org.junit.runners.ParentRunner.access$100(ParentRunner.java:66)
	at org.junit.runners.ParentRunner$2.evaluate(ParentRunner.java:293)
	at org.junit.runners.ParentRunner$3.evaluate(ParentRunner.java:306)
	at org.junit.runners.ParentRunner.run(ParentRunner.java:413)
	at io.cucumber.junit.FeatureRunner.run(FeatureRunner.java:137)
	at io.cucumber.junit.Cucumber.runChild(Cucumber.java:196)
	at io.cucumber.junit.Cucumber.runChild(Cucumber.java:89)
	at org.junit.runners.ParentRunner$4.run(ParentRunner.java:331)
	at org.junit.runners.ParentRunner$1.schedule(ParentRunner.java:79)
	at org.junit.runners.ParentRunner.runChildren(ParentRunner.java:329)
	at org.junit.runners.ParentRunner.access$100(ParentRunner.java:66)
	at org.junit.runners.ParentRunner$2.evaluate(ParentRunner.java:293)
	at io.cucumber.junit.Cucumber$RunBeforeAllHooks.evaluate(Cucumber.java:266)
	at io.cucumber.junit.Cucumber$RunAfterAllHooks.evaluate(Cucumber.java:281)
	at io.cucumber.junit.Cucumber$StartTestRun.evaluate(Cucumber.java:233)
	at io.cucumber.junit.Cucumber$FinishTestRun.evaluate(Cucumber.java:248)
	at org.junit.runners.ParentRunner$3.evaluate(ParentRunner.java:306)
	at org.junit.runners.ParentRunner.run(ParentRunner.java:413)
	at org.apache.maven.surefire.junit4.JUnit4Provider.execute(JUnit4Provider.java:364)
	at org.apache.maven.surefire.junit4.JUnit4Provider.executeWithRerun(JUnit4Provider.java:272)
	at org.apache.maven.surefire.junit4.JUnit4Provider.executeTestSet(JUnit4Provider.java:237)
	at org.apache.maven.surefire.junit4.JUnit4Provider.invoke(JUnit4Provider.java:158)
	at org.apache.maven.surefire.booter.ForkedBooter.runSuitesInProcess(ForkedBooter.java:428)
	at org.apache.maven.surefire.booter.ForkedBooter.execute(ForkedBooter.java:162)
	at org.apache.maven.surefire.booter.ForkedBooter.run(ForkedBooter.java:562)
	at org.apache.maven.surefire.booter.ForkedBooter.main(ForkedBooter.java:548)
&amp#27;[0m
  &amp#27;[36mAnd &amp#27;[0m&amp#27;[36mpress element with xPath &amp#27;[0m&amp#27;[36m&amp#27;[1m"//*[@id=\"under-slider-menu\"]/div/a[2]"&amp#27;[0m                                                  &amp#27;[90m# org.example.steps.MyStepdefs.pressElementByXPath(java.lang.String)&amp#27;[0m
  &amp#27;[36mThen &amp#27;[0m&amp#27;[36melement with xPath &amp#27;[0m&amp#27;[36m&amp#27;[1m"//*[@id=\"info\"]/div/div[1]/div[2]/div[2]/span[2]"&amp#27;[0m&amp#27;[36m should have text &amp#27;[0m&amp#27;[36m&amp#27;[1m"РљР°Р»СѓРіРёРЅ Р�РіРѕСЂСЊ РЎРµСЂРіРµРµРІРёС‡"&amp#27;[0m &amp#27;[90m# org.example.steps.MyStepdefs.elementWithXPathShouldHaveText(java.lang.String,java.lang.String)&amp#27;[0m
]]></system-out>
  </testcase>
  <testcase name="download file" classname="log in test" time="6.195">
    <failure message="Element not found {By.xpath: //*[@id=&quot;main-blocks&quot;]/div[2]/div[9]/a}&#10;Expected: exist&#10;Screenshot: file:/C:/Users/ded/IdeaProjects/Testing_projects/Testing3/target/surefire-reports/1639073669657.1.png&#10;Page source: file:/C:/Users/ded/IdeaProjects/Testing_projects/Testing3/target/surefire-reports/1639073669657.1.html&#10;Timeout: 4 s.&#10;Caused by: NoSuchElementException: no such element: Unable to locate element: {&quot;method&quot;:&quot;xpath&quot;,&quot;selector&quot;:&quot;//*[@id=&quot;main-blocks&quot;]/div[2]/div[9]/a&quot;}" type="com.codeborne.selenide.ex.ElementNotFound"><![CDATA[com.codeborne.selenide.ex.ElementNotFound: 
Element not found {By.xpath: //*[@id="main-blocks"]/div[2]/div[9]/a}
Expected: exist
Screenshot: file:/C:/Users/ded/IdeaProjects/Testing_projects/Testing3/target/surefire-reports/1639073669657.1.png
Page source: file:/C:/Users/ded/IdeaProjects/Testing_projects/Testing3/target/surefire-reports/1639073669657.1.html
Timeout: 4 s.
Caused by: NoSuchElementException: no such element: Unable to locate element: {"method":"xpath","selector":"//*[@id="main-blocks"]/div[2]/div[9]/a"}
Caused by: org.openqa.selenium.NoSuchElementException: 
no such element: Unable to locate element: {"method":"xpath","selector":"//*[@id="main-blocks"]/div[2]/div[9]/a"}
  (Session info: chrome=96.0.4664.93)
For documentation on this error, please visit: https://selenium.dev/exceptions/#no_such_element
Build info: version: '4.0.0', revision: '3a21814679'
System info: host: 'DESKTOP-59EMMQ3', ip: '192.168.18.1', os.name: 'Windows 10', os.arch: 'amd64', os.version: '10.0', java.version: '1.8.0_271'
Driver info: org.openqa.selenium.chrome.ChromeDriver
Command: [d516def7b514eb5cf0c7a87b3da1d6e2, findElement {using=xpath, value=//*[@id="main-blocks"]/div[2]/div[9]/a}]
Capabilities {acceptInsecureCerts: true, browserName: chrome, browserVersion: 96.0.4664.93, chrome: {chromedriverVersion: 96.0.4664.45 (76e4c1bb2ab46..., userDataDir: C:\Users\ded\AppData\Local\...}, goog:chromeOptions: {debuggerAddress: localhost:20554}, javascriptEnabled: true, networkConnectionEnabled: false, pageLoadStrategy: normal, platform: WINDOWS, platformName: WINDOWS, proxy: Proxy(), se:cdp: ws://localhost:20554/devtoo..., se:cdpVersion: 96.0.4664.93, setWindowRect: true, strictFileInteractability: false, timeouts: {implicit: 0, pageLoad: 300000, script: 30000}, unhandledPromptBehavior: dismiss and notify, webauthn:extension:credBlob: true, webauthn:extension:largeBlob: true, webauthn:virtualAuthenticators: true}
Session ID: d516def7b514eb5cf0c7a87b3da1d6e2
]]></failure>
    <system-out><![CDATA[
Scenario: download file                                                                          &amp#27;[90m# src/test/java/org/example/features/ft#1.feature:21&amp#27;[0m
  &amp#27;[32mGiven &amp#27;[0m&amp#27;[32mopen kpfu.ru&amp#27;[0m                                                                             &amp#27;[90m# org.example.steps.MyStepdefs.open_kpfu_ru()&amp#27;[0m
  &amp#27;[32mWhen &amp#27;[0m&amp#27;[32mpress element with xPath &amp#27;[0m&amp#27;[32m&amp#27;[1m"//*[@id=\"top-panel\"]/div[1]/div[1]/a"&amp#27;[0m                         &amp#27;[90m# org.example.steps.MyStepdefs.pressElementByXPath(java.lang.String)&amp#27;[0m
  &amp#27;[32mAnd &amp#27;[0m&amp#27;[32mtype to input with name &amp#27;[0m&amp#27;[32m&amp#27;[1m"p_login"&amp#27;[0m&amp#27;[32m text: &amp#27;[0m&amp#27;[32m&amp#27;[1m"IgSKalugin"&amp#27;[0m                                       &amp#27;[90m# org.example.steps.MyStepdefs.typeToInputWithNameText(java.lang.String,java.lang.String)&amp#27;[0m
  &amp#27;[32mAnd &amp#27;[0m&amp#27;[32mtype to input with name &amp#27;[0m&amp#27;[32m&amp#27;[1m"p_pass"&amp#27;[0m&amp#27;[32m text: &amp#27;[0m&amp#27;[32m&amp#27;[1m"71nngy0i"&amp#27;[0m                                          &amp#27;[90m# org.example.steps.MyStepdefs.typeToInputWithNameText(java.lang.String,java.lang.String)&amp#27;[0m
  &amp#27;[32mAnd &amp#27;[0m&amp#27;[32mpress element with xPath &amp#27;[0m&amp#27;[32m&amp#27;[1m"//*[@id=\"eu_enter\"]/input[3]"&amp#27;[0m                                  &amp#27;[90m# org.example.steps.MyStepdefs.pressElementByXPath(java.lang.String)&amp#27;[0m
  &amp#27;[31mAnd &amp#27;[0m&amp#27;[31mpress element with xPath &amp#27;[0m&amp#27;[31m&amp#27;[1m"//*[@id=\"main-blocks\"]/div[2]/div[9]/a"&amp#27;[0m                        &amp#27;[90m# org.example.steps.MyStepdefs.pressElementByXPath(java.lang.String)&amp#27;[0m
      &amp#27;[31mElement not found {By.xpath: //*[@id="main-blocks"]/div[2]/div[9]/a}
Expected: exist
Screenshot: file:/C:/Users/ded/IdeaProjects/Testing_projects/Testing3/target/surefire-reports/1639073669657.1.png
Page source: file:/C:/Users/ded/IdeaProjects/Testing_projects/Testing3/target/surefire-reports/1639073669657.1.html
Timeout: 4 s.
Caused by: NoSuchElementException: no such element: Unable to locate element: {"method":"xpath","selector":"//*[@id="main-blocks"]/div[2]/div[9]/a"}
	at com.codeborne.selenide.impl.WebElementSource.createElementNotFoundError(WebElementSource.java:83)
	at com.codeborne.selenide.impl.ElementFinder.createElementNotFoundError(ElementFinder.java:122)
	at com.codeborne.selenide.impl.WebElementSource.checkCondition(WebElementSource.java:114)
	at com.codeborne.selenide.commands.Should.execute(Should.java:30)
	at com.codeborne.selenide.commands.Should.execute(Should.java:14)
	at com.codeborne.selenide.commands.Commands.execute(Commands.java:157)
	at com.codeborne.selenide.impl.SelenideElementProxy.dispatchAndRetry(SelenideElementProxy.java:134)
	at com.codeborne.selenide.impl.SelenideElementProxy.invoke(SelenideElementProxy.java:86)
	at com.sun.proxy.$Proxy18.should(Unknown Source)
	at org.example.steps.MyStepdefs.pressElementByXPath(MyStepdefs.java:28)
	at вњЅ.press element with xPath "//*[@id=\"main-blocks\"]/div[2]/div[9]/a"(file:///C:/Users/ded/IdeaProjects/Testing_projects/Testing3/src/test/java/org/example/features/ft%231.feature:27)
Caused by: org.openqa.selenium.NoSuchElementException: no such element: Unable to locate element: {"method":"xpath","selector":"//*[@id="main-blocks"]/div[2]/div[9]/a"}
  (Session info: chrome=96.0.4664.93)
For documentation on this error, please visit: https://selenium.dev/exceptions/#no_such_element
Build info: version: '4.0.0', revision: '3a21814679'
System info: host: 'DESKTOP-59EMMQ3', ip: '192.168.18.1', os.name: 'Windows 10', os.arch: 'amd64', os.version: '10.0', java.version: '1.8.0_271'
Driver info: org.openqa.selenium.chrome.ChromeDriver
Command: [d516def7b514eb5cf0c7a87b3da1d6e2, findElement {using=xpath, value=//*[@id="main-blocks"]/div[2]/div[9]/a}]
Capabilities {acceptInsecureCerts: true, browserName: chrome, browserVersion: 96.0.4664.93, chrome: {chromedriverVersion: 96.0.4664.45 (76e4c1bb2ab46..., userDataDir: C:\Users\ded\AppData\Local\...}, goog:chromeOptions: {debuggerAddress: localhost:20554}, javascriptEnabled: true, networkConnectionEnabled: false, pageLoadStrategy: normal, platform: WINDOWS, platformName: WINDOWS, proxy: Proxy(), se:cdp: ws://localhost:20554/devtoo..., se:cdpVersion: 96.0.4664.93, setWindowRect: true, strictFileInteractability: false, timeouts: {implicit: 0, pageLoad: 300000, script: 30000}, unhandledPromptBehavior: dismiss and notify, webauthn:extension:credBlob: true, webauthn:extension:largeBlob: true, webauthn:virtualAuthenticators: true}
Session ID: d516def7b514eb5cf0c7a87b3da1d6e2
	at sun.reflect.GeneratedConstructorAccessor13.newInstance(Unknown Source)
	at sun.reflect.DelegatingConstructorAccessorImpl.newInstance(DelegatingConstructorAccessorImpl.java:45)
	at java.lang.reflect.Constructor.newInstance(Constructor.java:423)
	at org.openqa.selenium.remote.codec.w3c.W3CHttpResponseCodec.createException(W3CHttpResponseCodec.java:200)
	at org.openqa.selenium.remote.codec.w3c.W3CHttpResponseCodec.decode(W3CHttpResponseCodec.java:133)
	at org.openqa.selenium.remote.codec.w3c.W3CHttpResponseCodec.decode(W3CHttpResponseCodec.java:53)
	at org.openqa.selenium.remote.HttpCommandExecutor.execute(HttpCommandExecutor.java:184)
	at org.openqa.selenium.remote.service.DriverCommandExecutor.invokeExecute(DriverCommandExecutor.java:164)
	at org.openqa.selenium.remote.service.DriverCommandExecutor.execute(DriverCommandExecutor.java:139)
	at org.openqa.selenium.remote.RemoteWebDriver.execute(RemoteWebDriver.java:559)
	at org.openqa.selenium.remote.ElementLocation$ElementFinder$2.findElement(ElementLocation.java:162)
	at org.openqa.selenium.remote.ElementLocation.findElement(ElementLocation.java:60)
	at org.openqa.selenium.remote.RemoteWebDriver.findElement(RemoteWebDriver.java:383)
	at org.openqa.selenium.remote.RemoteWebDriver.findElement(RemoteWebDriver.java:375)
	at com.codeborne.selenide.impl.WebElementSelector.findElement(WebElementSelector.java:70)
	at com.codeborne.selenide.impl.WebElementSelector.findElement(WebElementSelector.java:44)
	at com.codeborne.selenide.impl.WebElementSelector.findElement(WebElementSelector.java:33)
	at com.codeborne.selenide.impl.ElementFinder.getWebElement(ElementFinder.java:102)
	at com.codeborne.selenide.impl.WebElementSource.checkCondition(WebElementSource.java:99)
	at com.codeborne.selenide.commands.Should.execute(Should.java:30)
	at com.codeborne.selenide.commands.Should.execute(Should.java:14)
	at com.codeborne.selenide.commands.Commands.execute(Commands.java:157)
	at com.codeborne.selenide.impl.SelenideElementProxy.dispatchAndRetry(SelenideElementProxy.java:134)
	at com.codeborne.selenide.impl.SelenideElementProxy.invoke(SelenideElementProxy.java:86)
	at com.sun.proxy.$Proxy18.should(Unknown Source)
	at org.example.steps.MyStepdefs.pressElementByXPath(MyStepdefs.java:28)
	at sun.reflect.NativeMethodAccessorImpl.invoke0(Native Method)
	at sun.reflect.NativeMethodAccessorImpl.invoke(NativeMethodAccessorImpl.java:62)
	at sun.reflect.DelegatingMethodAccessorImpl.invoke(DelegatingMethodAccessorImpl.java:43)
	at java.lang.reflect.Method.invoke(Method.java:498)
	at io.cucumber.java.Invoker.doInvoke(Invoker.java:66)
	at io.cucumber.java.Invoker.invoke(Invoker.java:24)
	at io.cucumber.java.AbstractGlueDefinition.invokeMethod(AbstractGlueDefinition.java:47)
	at io.cucumber.java.JavaStepDefinition.execute(JavaStepDefinition.java:29)
	at io.cucumber.core.runner.CoreStepDefinition.execute(CoreStepDefinition.java:66)
	at io.cucumber.core.runner.PickleStepDefinitionMatch.runStep(PickleStepDefinitionMatch.java:63)
	at io.cucumber.core.runner.ExecutionMode$1.execute(ExecutionMode.java:10)
	at io.cucumber.core.runner.TestStep.executeStep(TestStep.java:86)
	at io.cucumber.core.runner.TestStep.run(TestStep.java:57)
	at io.cucumber.core.runner.PickleStepTestStep.run(PickleStepTestStep.java:51)
	at io.cucumber.core.runner.TestCase.run(TestCase.java:95)
	at io.cucumber.core.runner.Runner.runPickle(Runner.java:75)
	at io.cucumber.junit.PickleRunners$NoStepDescriptions.lambda$run$0(PickleRunners.java:151)
	at io.cucumber.core.runtime.CucumberExecutionContext.lambda$runTestCase$3(CucumberExecutionContext.java:110)
	at io.cucumber.core.runtime.RethrowingThrowableCollector.executeAndThrow(RethrowingThrowableCollector.java:23)
	at io.cucumber.core.runtime.CucumberExecutionContext.runTestCase(CucumberExecutionContext.java:110)
	at io.cucumber.junit.PickleRunners$NoStepDescriptions.run(PickleRunners.java:148)
	at io.cucumber.junit.FeatureRunner.runChild(FeatureRunner.java:144)
	at io.cucumber.junit.FeatureRunner.runChild(FeatureRunner.java:28)
	at org.junit.runners.ParentRunner$4.run(ParentRunner.java:331)
	at org.junit.runners.ParentRunner$1.schedule(ParentRunner.java:79)
	at org.junit.runners.ParentRunner.runChildren(ParentRunner.java:329)
	at org.junit.runners.ParentRunner.access$100(ParentRunner.java:66)
	at org.junit.runners.ParentRunner$2.evaluate(ParentRunner.java:293)
	at org.junit.runners.ParentRunner$3.evaluate(ParentRunner.java:306)
	at org.junit.runners.ParentRunner.run(ParentRunner.java:413)
	at io.cucumber.junit.FeatureRunner.run(FeatureRunner.java:137)
	at io.cucumber.junit.Cucumber.runChild(Cucumber.java:196)
	at io.cucumber.junit.Cucumber.runChild(Cucumber.java:89)
	at org.junit.runners.ParentRunner$4.run(ParentRunner.java:331)
	at org.junit.runners.ParentRunner$1.schedule(ParentRunner.java:79)
	at org.junit.runners.ParentRunner.runChildren(ParentRunner.java:329)
	at org.junit.runners.ParentRunner.access$100(ParentRunner.java:66)
	at org.junit.runners.ParentRunner$2.evaluate(ParentRunner.java:293)
	at io.cucumber.junit.Cucumber$RunBeforeAllHooks.evaluate(Cucumber.java:266)
	at io.cucumber.junit.Cucumber$RunAfterAllHooks.evaluate(Cucumber.java:281)
	at io.cucumber.junit.Cucumber$StartTestRun.evaluate(Cucumber.java:233)
	at io.cucumber.junit.Cucumber$FinishTestRun.evaluate(Cucumber.java:248)
	at org.junit.runners.ParentRunner$3.evaluate(ParentRunner.java:306)
	at org.junit.runners.ParentRunner.run(ParentRunner.java:413)
	at org.apache.maven.surefire.junit4.JUnit4Provider.execute(JUnit4Provider.java:364)
	at org.apache.maven.surefire.junit4.JUnit4Provider.executeWithRerun(JUnit4Provider.java:272)
	at org.apache.maven.surefire.junit4.JUnit4Provider.executeTestSet(JUnit4Provider.java:237)
	at org.apache.maven.surefire.junit4.JUnit4Provider.invoke(JUnit4Provider.java:158)
	at org.apache.maven.surefire.booter.ForkedBooter.runSuitesInProcess(ForkedBooter.java:428)
	at org.apache.maven.surefire.booter.ForkedBooter.execute(ForkedBooter.java:162)
	at org.apache.maven.surefire.booter.ForkedBooter.run(ForkedBooter.java:562)
	at org.apache.maven.surefire.booter.ForkedBooter.main(ForkedBooter.java:548)
&amp#27;[0m
  &amp#27;[36mAnd &amp#27;[0m&amp#27;[36mpress element with text &amp#27;[0m&amp#27;[36m&amp#27;[1m"Р”РѕРєСѓРјРµРЅС‚С‹"&amp#27;[0m                                                        &amp#27;[90m# org.example.steps.MyStepdefs.pressElementByText(java.lang.String)&amp#27;[0m
  &amp#27;[36mAnd &amp#27;[0m&amp#27;[36mpress element with text &amp#27;[0m&amp#27;[36m&amp#27;[1m"Р—Р°СЃРµР»РµРЅРёРµ РІ РѕР±С‰РµР¶РёС‚РёСЏ РљР¤РЈ"&amp#27;[0m                                        &amp#27;[90m# org.example.steps.MyStepdefs.pressElementByText(java.lang.String)&amp#27;[0m
  &amp#27;[36mThen &amp#27;[0m&amp#27;[36melement with id &amp#27;[0m&amp#27;[36m&amp#27;[1m"doc-templates"&amp#27;[0m&amp#27;[36m should have text &amp#27;[0m&amp#27;[36m&amp#27;[1m"Р—Р°СЏРІР»РµРЅРёРµ РЅР° Р·Р°СЃРµР»РµРЅРёРµ РІ РѕР±С‰РµР¶РёС‚РёСЏ РљР¤РЈ"&amp#27;[0m &amp#27;[90m# org.example.steps.MyStepdefs.elementWithIdShouldHaveText(java.lang.String,java.lang.String)&amp#27;[0m
  &amp#27;[36mAnd &amp#27;[0m&amp#27;[36mtry to download from link with xPath &amp#27;[0m&amp#27;[36m&amp#27;[1m"//*[@id=\"tab1\"]/p[3]/a"&amp#27;[0m                            &amp#27;[90m# org.example.steps.MyStepdefs.downloadFile(java.lang.String)&amp#27;[0m
]]></system-out>
  </testcase>
</testsuite>